<?xml version="1.0" encoding="UTF-8"?>
<!-- Generated by org.testng.reporters.JUnitReportReporter -->
<testsuite skipped="0" hostname="DESKTOP-1871VKV" name="GroupTestGN.Register" tests="2" failures="0" timestamp="2021-05-15T12:55:33 IST" time="0.005" errors="0">
  <testcase name="RegisteUser" time="0.002" classname="GroupTestGN.Register"/>
  <system-out/>
  <testcase name="validRegisterUser" time="0.003" classname="GroupTestGN.Register"/>
  <system-out/>
</testsuite> <!-- GroupTestGN.Register -->
