<?xml version="1.0" encoding="UTF-8"?>
<!-- Generated by org.testng.reporters.JUnitReportReporter -->
<testsuite skipped="0" hostname="DESKTOP-1871VKV" name="besic_learing_testgn.TestGN_annotations2_with2testcase" tests="2" failures="0" timestamp="2021-05-08T11:18:18 IST" time="0.006" errors="0">
  <testcase name="loginTest" time="0.005" classname="besic_learing_testgn.TestGN_annotations2_with2testcase"/>
  <system-out/>
  <testcase name="registerTest" time="0.001" classname="besic_learing_testgn.TestGN_annotations2_with2testcase"/>
  <system-out/>
</testsuite> <!-- besic_learing_testgn.TestGN_annotations2_with2testcase -->
