<?xml version="1.0" encoding="UTF-8"?>
<!-- Generated by org.testng.reporters.JUnitReportReporter -->
<testsuite skipped="0" hostname="DESKTOP-1871VKV" name="GroupTestGN.HomePage" tests="2" failures="0" timestamp="2021-05-15T12:55:17 IST" time="0.014" errors="0">
  <testcase name="HomePageLanding" time="0.012" classname="GroupTestGN.HomePage"/>
  <system-out/>
  <testcase name="HomePageProfileLogo" time="0.002" classname="GroupTestGN.HomePage"/>
  <system-out/>
</testsuite> <!-- GroupTestGN.HomePage -->
