<?xml version="1.0" encoding="UTF-8"?>
<!-- Generated by org.testng.reporters.JUnitReportReporter -->
<testsuite skipped="1" hostname="DESKTOP-1871VKV" name="besic_learing_testgn.Priority_Enabled" tests="5" failures="0" timestamp="2021-05-08T11:18:17 IST" time="0.011" errors="0">
  <testcase name="Register_User" time="0.006" classname="besic_learing_testgn.Priority_Enabled"/>
  <system-out/>
  <testcase name="Valid_Login" time="0.002" classname="besic_learing_testgn.Priority_Enabled"/>
  <system-out/>
  <testcase name="Home_Page" time="0.001" classname="besic_learing_testgn.Priority_Enabled"/>
  <system-out/>
  <testcase name="User_LogOut" time="0.002" classname="besic_learing_testgn.Priority_Enabled"/>
  <system-out/>
  <testcase name="AddNews" classname="besic_learing_testgn.Priority_Enabled">
    <skipped/>
  </testcase> <!-- AddNews -->
  <system-out/>
</testsuite> <!-- besic_learing_testgn.Priority_Enabled -->
