<?xml version="1.0" encoding="UTF-8"?>
<!-- Generated by org.testng.reporters.JUnitReportReporter -->
<testsuite skipped="0" hostname="DESKTOP-1871VKV" name="GroupTestGN.Login" tests="2" failures="0" timestamp="2021-05-15T12:55:33 IST" time="0.005" errors="0">
  <testcase name="LoginUser" time="0.002" classname="GroupTestGN.Login"/>
  <system-out/>
  <testcase name="ValidLoginUser" time="0.003" classname="GroupTestGN.Login"/>
  <system-out/>
</testsuite> <!-- GroupTestGN.Login -->
