<?xml version="1.0" encoding="UTF-8"?>
<!-- Generated by org.testng.reporters.JUnitReportReporter -->
<testsuite skipped="0" hostname="DESKTOP-1871VKV" name="besic_learing_testgn.ITest_Context" tests="3" failures="0" timestamp="2021-05-16T18:05:10 IST" time="0.059" errors="0">
  <testcase name="SetUp" time="0.055" classname="besic_learing_testgn.ITest_Context"/>
  <system-out/>
  <testcase name="Logic" time="0.002" classname="besic_learing_testgn.ITest_Context"/>
  <system-out/>
  <testcase name="exit" time="0.002" classname="besic_learing_testgn.ITest_Context"/>
  <system-out/>
</testsuite> <!-- besic_learing_testgn.ITest_Context -->
