<?xml version="1.0" encoding="UTF-8"?>
<!-- Generated by org.testng.reporters.JUnitReportReporter -->
<testsuite skipped="0" hostname="DESKTOP-1871VKV" name="GroupTestGN.LogOut" tests="2" failures="0" timestamp="2021-05-15T12:55:33 IST" time="0.015" errors="0">
  <testcase name="LogoutFunctionality" time="0.013" classname="GroupTestGN.LogOut"/>
  <system-out/>
  <testcase name="LogouMessage" time="0.002" classname="GroupTestGN.LogOut"/>
  <system-out/>
</testsuite> <!-- GroupTestGN.LogOut -->
