<?xml version="1.0" encoding="UTF-8"?>
<!-- Generated by org.testng.reporters.JUnitReportReporter -->
<testsuite skipped="0" hostname="DESKTOP-1871VKV" name="besic_learing_testgn.Dependencies_ex" tests="4" failures="0" timestamp="2021-05-08T11:18:18 IST" time="9.898" errors="0">
  <testcase name="landing_page" time="0.038" classname="besic_learing_testgn.Dependencies_ex"/>
  <system-out/>
  <testcase name="calculater" time="8.450" classname="besic_learing_testgn.Dependencies_ex"/>
  <system-out/>
  <testcase name="ReturnToHome" time="0.267" classname="besic_learing_testgn.Dependencies_ex"/>
  <system-out/>
  <testcase name="tearDown" time="1.143" classname="besic_learing_testgn.Dependencies_ex"/>
  <system-out/>
</testsuite> <!-- besic_learing_testgn.Dependencies_ex -->
