<?xml version="1.0" encoding="UTF-8"?>
<!-- Generated by org.testng.reporters.JUnitReportReporter -->
<testsuite skipped="0" hostname="DESKTOP-1871VKV" name="besic_learing_testgn.Data_provider" tests="3" failures="0" timestamp="2021-05-08T11:18:18 IST" time="0.008" errors="0">
  <testcase name="DataMatrix" time="0.002" classname="besic_learing_testgn.Data_provider"/>
  <system-out/>
  <testcase name="DataMatrix" time="0.004" classname="besic_learing_testgn.Data_provider"/>
  <system-out/>
  <testcase name="DataMatrix" time="0.002" classname="besic_learing_testgn.Data_provider"/>
  <system-out/>
</testsuite> <!-- besic_learing_testgn.Data_provider -->
