<?xml version="1.0" encoding="UTF-8"?>
<!-- Generated by org.testng.reporters.JUnitReportReporter -->
<testsuite skipped="0" hostname="DESKTOP-1871VKV" name="besic_learing_testgn.method_ex" tests="2" failures="0" timestamp="2021-05-08T11:18:17 IST" time="0.017" errors="0">
  <testcase name="UserLogin" time="0.013" classname="besic_learing_testgn.method_ex"/>
  <system-out/>
  <testcase name="UserMoneyTranfar" time="0.004" classname="besic_learing_testgn.method_ex"/>
  <system-out/>
</testsuite> <!-- besic_learing_testgn.method_ex -->
