<?xml version="1.0" encoding="UTF-8"?>
<!-- Generated by org.testng.reporters.JUnitReportReporter -->
<testsuite skipped="0" hostname="DESKTOP-1871VKV" name="besic_learing_testgn.firsttestngfile" tests="2" failures="0" timestamp="2021-05-21T13:22:06 IST" time="4.809" errors="0">
  <testcase name="register" time="2.283" classname="besic_learing_testgn.firsttestngfile"/>
  <system-out/>
  <testcase name="support" time="2.526" classname="besic_learing_testgn.firsttestngfile"/>
  <system-out/>
</testsuite> <!-- besic_learing_testgn.firsttestngfile -->
