<?xml version="1.0" encoding="UTF-8"?>
<!-- Generated by org.testng.reporters.JUnitReportReporter -->
<testsuite hostname="DESKTOP-1871VKV" failures="0" tests="1" name="besic_learing_testgn.NewTest" time="0.025" errors="0" timestamp="2021-12-25T11:34:26 IST" skipped="0">
  <testcase classname="besic_learing_testgn.NewTest" name="verifyHomepageTitle" time="0.025"/>
  <system-out/>
</testsuite> <!-- besic_learing_testgn.NewTest -->
